Dashboard: 2020/05/17 18:09:28 Index.go:16: No Cookie was Found with Name kRtrima
Auth: 2020/05/17 18:09:42 Auth.go:44: Register User with Email prk327@gmail.com was Found Successfully
Auth: 2020/05/17 18:09:42 Auth.go:97: Password Matched Successfully
Auth: 2020/05/17 18:09:42 Auth.go:130: New Session Was Created Successfully for User: Prabhakar Srivastav
Auth: 2020/05/17 18:09:42 Auth.go:158: Cookie was assigned successfully for User Prabhakar Srivastav
Auth: 2020/05/17 18:09:42 Auth.go:160: Authentication SuccessFul
Auth: 2020/05/17 18:09:42 Auth.go:199: Cookie was Found with Name kRtrima
Auth: 2020/05/17 18:09:42 Auth.go:215: Valid User Session was Found!!
Auth: 2020/05/17 18:09:45 Auth.go:199: Cookie was Found with Name kRtrima
Auth: 2020/05/17 18:09:45 Auth.go:215: Valid User Session was Found!!
Auth: 2020/05/17 18:09:49 Auth.go:199: Cookie was Found with Name kRtrima
Auth: 2020/05/17 18:09:49 Auth.go:215: Valid User Session was Found!!
Auth: 2020/05/17 18:09:53 Auth.go:199: Cookie was Found with Name kRtrima
Auth: 2020/05/17 18:09:53 Auth.go:215: Valid User Session was Found!!
Auth: 2020/05/17 18:09:53 Auth.go:199: Cookie was Found with Name kRtrima
Auth: 2020/05/17 18:09:53 Auth.go:215: Valid User Session was Found!!
Auth: 2020/05/17 18:10:09 Auth.go:199: Cookie was Found with Name kRtrima
Auth: 2020/05/17 18:10:09 Auth.go:215: Valid User Session was Found!!
Auth: 2020/05/17 18:10:13 Auth.go:199: Cookie was Found with Name kRtrima
Auth: 2020/05/17 18:10:13 Auth.go:215: Valid User Session was Found!!
Comment: 2020/05/17 18:10:13 Update.go:32: Matched 1 documents and updated 1 documents.

Auth: 2020/05/17 18:10:13 Auth.go:199: Cookie was Found with Name kRtrima
Auth: 2020/05/17 18:10:13 Auth.go:215: Valid User Session was Found!!
Dashboard: 2020/05/17 18:30:28 Index.go:16: No Cookie was Found with Name kRtrima
Auth: 2020/05/17 18:30:31 Auth.go:173: No Cookie was Found with Name kRtrima
Auth: 2020/05/17 18:30:46 Auth.go:44: Register User with Email prk327@gmail.com was Found Successfully
Auth: 2020/05/17 18:30:46 Auth.go:97: Password Matched Successfully
Auth: 2020/05/17 18:30:46 Auth.go:130: New Session Was Created Successfully for User: Prabhakar Srivastav
Auth: 2020/05/17 18:30:46 Auth.go:158: Cookie was assigned successfully for User Prabhakar Srivastav
Auth: 2020/05/17 18:30:46 Auth.go:160: Authentication SuccessFul
Auth: 2020/05/17 18:30:46 Auth.go:199: Cookie was Found with Name kRtrima
Auth: 2020/05/17 18:30:46 Auth.go:215: Valid User Session was Found!!
Auth: 2020/05/17 18:31:04 Auth.go:199: Cookie was Found with Name kRtrima
Auth: 2020/05/17 18:31:04 Auth.go:215: Valid User Session was Found!!
Dashboard: 2020/05/17 18:31:19 Index.go:19: Cookie was Found with Name kRtrima
Auth: 2020/05/17 18:31:23 Auth.go:199: Cookie was Found with Name kRtrima
Auth: 2020/05/17 18:31:23 Auth.go:215: Valid User Session was Found!!
Auth: 2020/05/17 18:31:38 Auth.go:199: Cookie was Found with Name kRtrima
Auth: 2020/05/17 18:31:38 Auth.go:215: Valid User Session was Found!!
Auth: 2020/05/17 18:31:40 Auth.go:199: Cookie was Found with Name kRtrima
Auth: 2020/05/17 18:31:40 Auth.go:215: Valid User Session was Found!!
Auth: 2020/05/17 18:31:43 Auth.go:199: Cookie was Found with Name kRtrima
Auth: 2020/05/17 18:31:43 Auth.go:215: Valid User Session was Found!!
Auth: 2020/05/17 18:31:44 Auth.go:199: Cookie was Found with Name kRtrima
Auth: 2020/05/17 18:31:44 Auth.go:215: Valid User Session was Found!!
